<?xml version="1.0" encoding="UTF-8"?>
<!-- Generated by org.testng.reporters.JUnitReportReporter -->
<testsuite hostname="Chandu" failures="0" tests="11" name="runners.TestRunner" time="615.344" errors="1" timestamp="2024-03-22T14:31:56 IST" skipped="0">
  <testcase classname="runners.TestRunner" name="runScenario" time="52.108"/>
  <system-out/>
  <testcase classname="runners.TestRunner" name="runScenario" time="54.132"/>
  <system-out/>
  <testcase classname="runners.TestRunner" name="runScenario" time="51.632"/>
  <system-out/>
  <testcase classname="runners.TestRunner" name="runScenario" time="71.210"/>
  <system-out/>
  <testcase classname="runners.TestRunner" name="runScenario" time="56.907"/>
  <system-out/>
  <testcase classname="runners.TestRunner" name="runScenario" time="54.880"/>
  <system-out/>
  <testcase classname="runners.TestRunner" name="runScenario" time="43.318"/>
  <system-out/>
  <testcase classname="runners.TestRunner" name="runScenario" time="56.915"/>
  <system-out/>
  <testcase classname="runners.TestRunner" name="runScenario" time="57.200"/>
  <system-out/>
  <testcase classname="runners.TestRunner" name="runScenario" time="52.074"/>
  <system-out/>
  <testcase classname="runners.TestRunner" name="runScenario" time="64.968">
    <error message="element click intercepted: Element &lt;span class=&quot;M15_21 removetext&quot;&gt;...&lt;/span&gt; is not clickable at point (363, 532). Other element would receive the click: &lt;div class=&quot;payoption&quot; style=&quot;visibility: visible;&quot;&gt;...&lt;/div&gt;
  (Session info: chrome=122.0.6261.131)
Build info: version: &#039;4.11.0&#039;, revision: &#039;040bc5406b&#039;
System info: os.name: &#039;Windows 11&#039;, os.arch: &#039;amd64&#039;, os.version: &#039;10.0&#039;, java.version: &#039;17.0.2&#039;
Driver info: org.openqa.selenium.chrome.ChromeDriver
Command: [6485b354d8b7d276a2dd0e1f6af7884f, clickElement {id=f.87C33D347E9BA6A66894C99F48CEF67F.d.F5496B2B65DDF14E521BD2D3D0B28F44.e.260}]
Capabilities {acceptInsecureCerts: false, browserName: chrome, browserVersion: 122.0.6261.131, chrome: {chromedriverVersion: 122.0.6261.128 (f18a44fedeb..., userDataDir: C:\Users\lenovo\AppData\Loc...}, fedcm:accounts: true, goog:chromeOptions: {debuggerAddress: localhost:50917}, networkConnectionEnabled: false, pageLoadStrategy: normal, platformName: windows, proxy: Proxy(), se:cdp: ws://localhost:50917/devtoo..., se:cdpVersion: 122.0.6261.131, setWindowRect: true, strictFileInteractability: false, timeouts: {implicit: 0, pageLoad: 300000, script: 30000}, unhandledPromptBehavior: dismiss and notify, webauthn:extension:credBlob: true, webauthn:extension:largeBlob: true, webauthn:extension:minPinLength: true, webauthn:extension:prf: true, webauthn:virtualAuthenticators: true}
Element: [[ChromeDriver: chrome on windows (6485b354d8b7d276a2dd0e1f6af7884f)] -&gt; xpath: (//span[@class=&#039;M15_21 removetext&#039;])[2]]
Session ID: 6485b354d8b7d276a2dd0e1f6af7884f" type="org.openqa.selenium.ElementClickInterceptedException">
      <![CDATA[org.openqa.selenium.ElementClickInterceptedException: element click intercepted: Element <span class="M15_21 removetext">...</span> is not clickable at point (363, 532). Other element would receive the click: <div class="payoption" style="visibility: visible;">...</div>
  (Session info: chrome=122.0.6261.131)
Build info: version: '4.11.0', revision: '040bc5406b'
System info: os.name: 'Windows 11', os.arch: 'amd64', os.version: '10.0', java.version: '17.0.2'
Driver info: org.openqa.selenium.chrome.ChromeDriver
Command: [6485b354d8b7d276a2dd0e1f6af7884f, clickElement {id=f.87C33D347E9BA6A66894C99F48CEF67F.d.F5496B2B65DDF14E521BD2D3D0B28F44.e.260}]
Capabilities {acceptInsecureCerts: false, browserName: chrome, browserVersion: 122.0.6261.131, chrome: {chromedriverVersion: 122.0.6261.128 (f18a44fedeb..., userDataDir: C:\Users\lenovo\AppData\Loc...}, fedcm:accounts: true, goog:chromeOptions: {debuggerAddress: localhost:50917}, networkConnectionEnabled: false, pageLoadStrategy: normal, platformName: windows, proxy: Proxy(), se:cdp: ws://localhost:50917/devtoo..., se:cdpVersion: 122.0.6261.131, setWindowRect: true, strictFileInteractability: false, timeouts: {implicit: 0, pageLoad: 300000, script: 30000}, unhandledPromptBehavior: dismiss and notify, webauthn:extension:credBlob: true, webauthn:extension:largeBlob: true, webauthn:extension:minPinLength: true, webauthn:extension:prf: true, webauthn:virtualAuthenticators: true}
Element: [[ChromeDriver: chrome on windows (6485b354d8b7d276a2dd0e1f6af7884f)] -> xpath: (//span[@class='M15_21 removetext'])[2]]
Session ID: 6485b354d8b7d276a2dd0e1f6af7884f
at java.base/jdk.internal.reflect.NativeConstructorAccessorImpl.newInstance0(Native Method)
at java.base/jdk.internal.reflect.NativeConstructorAccessorImpl.newInstance(NativeConstructorAccessorImpl.java:77)
at java.base/jdk.internal.reflect.DelegatingConstructorAccessorImpl.newInstance(DelegatingConstructorAccessorImpl.java:45)
at java.base/java.lang.reflect.Constructor.newInstanceWithCaller(Constructor.java:499)
at java.base/java.lang.reflect.Constructor.newInstance(Constructor.java:480)
at org.openqa.selenium.remote.codec.w3c.W3CHttpResponseCodec.createException(W3CHttpResponseCodec.java:200)
at org.openqa.selenium.remote.codec.w3c.W3CHttpResponseCodec.decode(W3CHttpResponseCodec.java:133)
at org.openqa.selenium.remote.codec.w3c.W3CHttpResponseCodec.decode(W3CHttpResponseCodec.java:52)
at org.openqa.selenium.remote.HttpCommandExecutor.execute(HttpCommandExecutor.java:191)
at org.openqa.selenium.remote.service.DriverCommandExecutor.invokeExecute(DriverCommandExecutor.java:196)
at org.openqa.selenium.remote.service.DriverCommandExecutor.execute(DriverCommandExecutor.java:171)
at org.openqa.selenium.remote.RemoteWebDriver.execute(RemoteWebDriver.java:518)
at org.openqa.selenium.remote.RemoteWebElement.execute(RemoteWebElement.java:224)
at org.openqa.selenium.remote.RemoteWebElement.click(RemoteWebElement.java:77)
at jdk.internal.reflect.GeneratedMethodAccessor61.invoke(Unknown Source)
at java.base/jdk.internal.reflect.DelegatingMethodAccessorImpl.invoke(DelegatingMethodAccessorImpl.java:43)
at java.base/java.lang.reflect.Method.invoke(Method.java:568)
at org.openqa.selenium.support.pagefactory.internal.LocatingElementHandler.invoke(LocatingElementHandler.java:51)
at jdk.proxy2/jdk.proxy2.$Proxy30.click(Unknown Source)
at pages.CartPage.moveToShortlist(CartPage.java:51)
at steps.CartFuncStep.user_move_a_product_to_the_shortlist(CartFuncStep.java:54)
at âœ½.User move a product to the shortlist(file:///F:/Mphasis%20Practice%20Eclipse/RLLProject/src/test/java/features/7.CartFunction.feature:14)
]]>
    </error>
  </testcase> <!-- runScenario -->
  <system-out/>
</testsuite> <!-- runners.TestRunner -->
